生成启动时间为 2015/6/25 16:07:37。
     1>项目“E:\MyOriginalCodes\meshSurfaceCal\meshSurfaceCal\meshSurfaceCal.vcxproj”在节点 2 上(Build 个目标)。
     1>ClCompile:
         C:\Program Files (x86)\Microsoft Visual Studio 12.0\VC\bin\CL.exe /c /ZI /nologo /W3 /WX- /Od /Oy- /D WIN32 /D _DEBUG /D _CONSOLE /D _LIB /D _UNICODE /D UNICODE /Gm /EHsc /RTC1 /MDd /GS /fp:precise /Zc:wchar_t /Zc:forScope /Fo"Debug\\" /Fd"Debug\vc120.pdb" /Gd /TP /analyze- /errorReport:prompt surfaceAreaCal.cpp
         surfaceAreaCal.cpp
     1>e:\myoriginalcodes\meshsurfacecal\meshsurfacecal\surfaceareacal.cpp(28): warning C4996: 'gets': This function or variable may be unsafe. Consider using gets_s instead. To disable deprecation, use _CRT_SECURE_NO_WARNINGS. See online help for details.
                 c:\program files (x86)\microsoft visual studio 12.0\vc\include\stdio.h(254) : 参见“gets”的声明
     1>e:\myoriginalcodes\meshsurfacecal\meshsurfacecal\surfaceareacal.cpp(36): warning C4996: 'fopen': This function or variable may be unsafe. Consider using fopen_s instead. To disable deprecation, use _CRT_SECURE_NO_WARNINGS. See online help for details.
                 c:\program files (x86)\microsoft visual studio 12.0\vc\include\stdio.h(211) : 参见“fopen”的声明
     1>e:\myoriginalcodes\meshsurfacecal\meshsurfacecal\surfaceareacal.cpp(76): warning C4996: 'sscanf': This function or variable may be unsafe. Consider using sscanf_s instead. To disable deprecation, use _CRT_SECURE_NO_WARNINGS. See online help for details.
                 c:\program files (x86)\microsoft visual studio 12.0\vc\include\stdio.h(304) : 参见“sscanf”的声明
     1>e:\myoriginalcodes\meshsurfacecal\meshsurfacecal\surfaceareacal.cpp(85): warning C4996: 'sscanf': This function or variable may be unsafe. Consider using sscanf_s instead. To disable deprecation, use _CRT_SECURE_NO_WARNINGS. See online help for details.
                 c:\program files (x86)\microsoft visual studio 12.0\vc\include\stdio.h(304) : 参见“sscanf”的声明
     1>e:\myoriginalcodes\meshsurfacecal\meshsurfacecal\surfaceareacal.cpp(94): warning C4996: 'sscanf': This function or variable may be unsafe. Consider using sscanf_s instead. To disable deprecation, use _CRT_SECURE_NO_WARNINGS. See online help for details.
                 c:\program files (x86)\microsoft visual studio 12.0\vc\include\stdio.h(304) : 参见“sscanf”的声明
     1>e:\myoriginalcodes\meshsurfacecal\meshsurfacecal\surfaceareacal.cpp(122): warning C4018: “<”: 有符号/无符号不匹配
     1>e:\myoriginalcodes\meshsurfacecal\meshsurfacecal\surfaceareacal.cpp(139): warning C4244: “+=”: 从“double”转换到“float”，可能丢失数据
       Link:
         C:\Program Files (x86)\Microsoft Visual Studio 12.0\VC\bin\link.exe /ERRORREPORT:PROMPT /OUT:"E:\MyOriginalCodes\meshSurfaceCal\Debug\meshSurfaceCal.exe" /INCREMENTAL /NOLOGO kernel32.lib user32.lib gdi32.lib winspool.lib comdlg32.lib advapi32.lib shell32.lib ole32.lib oleaut32.lib uuid.lib odbc32.lib odbccp32.lib /MANIFEST /MANIFESTUAC:"level='asInvoker' uiAccess='false'" /manifest:embed /DEBUG /PDB:"E:\MyOriginalCodes\meshSurfaceCal\Debug\meshSurfaceCal.pdb" /SUBSYSTEM:CONSOLE /TLBID:1 /DYNAMICBASE /NXCOMPAT /IMPLIB:"E:\MyOriginalCodes\meshSurfaceCal\Debug\meshSurfaceCal.lib" /MACHINE:X86 Debug\surfaceAreaCal.obj
         meshSurfaceCal.vcxproj -> E:\MyOriginalCodes\meshSurfaceCal\Debug\meshSurfaceCal.exe
     1>已完成生成项目“E:\MyOriginalCodes\meshSurfaceCal\meshSurfaceCal\meshSurfaceCal.vcxproj”(Build 个目标)的操作。

生成成功。

已用时间 00:00:01.11
